2025-11-06 09:53:07,251 ERROR Job failed
Traceback (most recent call last):
  File "C:\Users\Acer\Downloads\SMC-SAM\app.py", line 48, in run_job
    subprocess.run([
  File "C:\Users\Acer\AppData\Local\Programs\Python\Python311\Lib\subprocess.py", line 569, in run
    raise CalledProcessError(retcode, process.args,
subprocess.CalledProcessError: Command '['python', 'pipeline/parse_syscalls.py', '--trace-dir', 'output\\213e726f-0e5b-4072-8358-75b9bb4f59e8', '--family', '213e726f-0e5b-4072-8358-75b9bb4f59e8', '--nested', 'false']' returned non-zero exit status 2.
2025-11-06 09:53:22,069 ERROR Job failed
Traceback (most recent call last):
  File "C:\Users\Acer\Downloads\SMC-SAM\app.py", line 48, in run_job
    subprocess.run([
  File "C:\Users\Acer\AppData\Local\Programs\Python\Python311\Lib\subprocess.py", line 569, in run
    raise CalledProcessError(retcode, process.args,
subprocess.CalledProcessError: Command '['python', 'pipeline/parse_syscalls.py', '--trace-dir', 'output\\32aa62ec-da79-40fa-a645-317f019b60b4', '--family', '32aa62ec-da79-40fa-a645-317f019b60b4', '--nested', 'false']' returned non-zero exit status 2.
2025-11-06 09:56:07,908 ERROR Job failed
Traceback (most recent call last):
  File "C:\Users\Acer\Downloads\SMC-SAM\app.py", line 48, in run_job
    subprocess.run([
  File "C:\Users\Acer\AppData\Local\Programs\Python\Python311\Lib\subprocess.py", line 569, in run
    raise CalledProcessError(retcode, process.args,
subprocess.CalledProcessError: Command '['python', 'pipeline/parse_syscalls.py', '--trace-dir', 'output\\695dae63-c8a6-474d-be56-cbfb2cfc7005', '--family', '695dae63-c8a6-474d-be56-cbfb2cfc7005', '--nested', 'false']' returned non-zero exit status 2.
2025-11-06 10:06:31,105 ERROR Job failed
Traceback (most recent call last):
  File "C:\Users\Acer\Downloads\SMC-SAM\app.py", line 48, in run_job
    subprocess.run([
  File "C:\Users\Acer\AppData\Local\Programs\Python\Python311\Lib\subprocess.py", line 569, in run
    raise CalledProcessError(retcode, process.args,
subprocess.CalledProcessError: Command '['python', 'pipeline/parse_syscalls.py', '--trace-dir', 'output\\f9b169c8-02d1-4c55-a50c-ed6e5f535b33', '--family', 'f9b169c8-02d1-4c55-a50c-ed6e5f535b33', '--nested', 'false']' returned non-zero exit status 2.
2025-11-06 10:06:56,277 ERROR Job failed
Traceback (most recent call last):
  File "C:\Users\Acer\Downloads\SMC-SAM\app.py", line 48, in run_job
    subprocess.run([
  File "C:\Users\Acer\AppData\Local\Programs\Python\Python311\Lib\subprocess.py", line 569, in run
    raise CalledProcessError(retcode, process.args,
subprocess.CalledProcessError: Command '['python', 'pipeline/parse_syscalls.py', '--trace-dir', 'output\\c813c71d-49aa-4fbc-81f9-952aa15b2018', '--family', 'c813c71d-49aa-4fbc-81f9-952aa15b2018', '--nested', 'false']' returned non-zero exit status 2.
2025-11-06 10:56:58,588 ERROR Job failed
Traceback (most recent call last):
  File "C:\Users\Acer\Downloads\SMC-SAM\app.py", line 41, in run_job
    subprocess.run([
  File "C:\Users\Acer\AppData\Local\Programs\Python\Python311\Lib\subprocess.py", line 569, in run
    raise CalledProcessError(retcode, process.args,
subprocess.CalledProcessError: Command '['python', 'pipeline/run_genymotion_strace.py', '--apk', 'uploads\\d7e22cba-64ce-45c1-a119-d0689a54a601.apk', '--out', 'output\\d7e22cba-64ce-45c1-a119-d0689a54a601']' returned non-zero exit status 3221225786.
2025-11-06 11:03:37,670 ERROR Job failed
Traceback (most recent call last):
  File "C:\Users\Acer\Downloads\SMC-SAM\app.py", line 48, in run_job
    subprocess.run([
  File "C:\Users\Acer\AppData\Local\Programs\Python\Python311\Lib\subprocess.py", line 569, in run
    raise CalledProcessError(retcode, process.args,
subprocess.CalledProcessError: Command '['python', 'pipeline/parse_syscalls.py', '--trace-dir', 'output\\7b099042-e849-4746-a986-4615d791d446', '--family', '7b099042-e849-4746-a986-4615d791d446', '--nested', 'false']' returned non-zero exit status 2.
2025-11-06 11:03:40,141 ERROR Job failed
Traceback (most recent call last):
  File "C:\Users\Acer\Downloads\SMC-SAM\app.py", line 48, in run_job
    subprocess.run([
  File "C:\Users\Acer\AppData\Local\Programs\Python\Python311\Lib\subprocess.py", line 569, in run
    raise CalledProcessError(retcode, process.args,
subprocess.CalledProcessError: Command '['python', 'pipeline/parse_syscalls.py', '--trace-dir', 'output\\a694c16d-2fb9-45ae-b7ba-40e46b8ca638', '--family', 'a694c16d-2fb9-45ae-b7ba-40e46b8ca638', '--nested', 'false']' returned non-zero exit status 2.
2025-11-06 11:04:45,294 ERROR Job failed
Traceback (most recent call last):
  File "C:\Users\Acer\Downloads\SMC-SAM\app.py", line 48, in run_job
    subprocess.run([
  File "C:\Users\Acer\AppData\Local\Programs\Python\Python311\Lib\subprocess.py", line 569, in run
    raise CalledProcessError(retcode, process.args,
subprocess.CalledProcessError: Command '['python', 'pipeline/parse_syscalls.py', '--trace-dir', 'output\\8327f3ea-7fe1-452e-9c86-27a94131edf1', '--family', '8327f3ea-7fe1-452e-9c86-27a94131edf1', '--nested', 'false']' returned non-zero exit status 2.
2025-11-06 11:07:07,682 ERROR Job failed
Traceback (most recent call last):
  File "C:\Users\Acer\Downloads\SMC-SAM\app.py", line 64, in run_job
    subprocess.run([
  File "C:\Users\Acer\AppData\Local\Programs\Python\Python311\Lib\subprocess.py", line 569, in run
    raise CalledProcessError(retcode, process.args,
subprocess.CalledProcessError: Command '['python', 'pipeline/refined_frequency_matrix.py', '--trace-dir', 'output\\strace\\d2ad1ced-88d5-4c39-b815-4b9a3e2e268d', '--family', 'd2ad1ced-88d5-4c39-b815-4b9a3e2e268d', '--nested', 'true']' returned non-zero exit status 2.
2025-11-06 11:08:21,298 ERROR Job failed
Traceback (most recent call last):
  File "C:\Users\Acer\Downloads\SMC-SAM\app.py", line 64, in run_job
    subprocess.run([
  File "C:\Users\Acer\AppData\Local\Programs\Python\Python311\Lib\subprocess.py", line 569, in run
    raise CalledProcessError(retcode, process.args,
subprocess.CalledProcessError: Command '['python', 'pipeline/refined_frequency_matrix.py', '--trace-dir', 'output\\strace\\4e1a6447-626a-40cf-b743-84ee9c647c3a', '--family', '4e1a6447-626a-40cf-b743-84ee9c647c3a', '--nested', 'true']' returned non-zero exit status 2.
2025-11-06 11:08:21,301 ERROR Job failed
Traceback (most recent call last):
  File "C:\Users\Acer\Downloads\SMC-SAM\app.py", line 64, in run_job
    subprocess.run([
  File "C:\Users\Acer\AppData\Local\Programs\Python\Python311\Lib\subprocess.py", line 569, in run
    raise CalledProcessError(retcode, process.args,
subprocess.CalledProcessError: Command '['python', 'pipeline/refined_frequency_matrix.py', '--trace-dir', 'output\\strace\\e4509864-e117-4159-834a-4e92e132b319', '--family', 'e4509864-e117-4159-834a-4e92e132b319', '--nested', 'true']' returned non-zero exit status 2.
2025-11-06 11:08:21,308 ERROR Job failed
Traceback (most recent call last):
  File "C:\Users\Acer\Downloads\SMC-SAM\app.py", line 64, in run_job
    subprocess.run([
  File "C:\Users\Acer\AppData\Local\Programs\Python\Python311\Lib\subprocess.py", line 569, in run
    raise CalledProcessError(retcode, process.args,
subprocess.CalledProcessError: Command '['python', 'pipeline/refined_frequency_matrix.py', '--trace-dir', 'output\\strace\\cd3fae02-8f5a-4c7b-9580-607e7905c3dc', '--family', 'cd3fae02-8f5a-4c7b-9580-607e7905c3dc', '--nested', 'true']' returned non-zero exit status 2.
2025-11-06 11:08:21,322 ERROR Job failed
Traceback (most recent call last):
  File "C:\Users\Acer\Downloads\SMC-SAM\app.py", line 64, in run_job
    subprocess.run([
  File "C:\Users\Acer\AppData\Local\Programs\Python\Python311\Lib\subprocess.py", line 569, in run
    raise CalledProcessError(retcode, process.args,
subprocess.CalledProcessError: Command '['python', 'pipeline/refined_frequency_matrix.py', '--trace-dir', 'output\\strace\\e5f7aecf-1eb2-43be-ba7c-f64a28085a22', '--family', 'e5f7aecf-1eb2-43be-ba7c-f64a28085a22', '--nested', 'true']' returned non-zero exit status 2.
2025-11-06 11:18:57,032 ERROR Job failed
Traceback (most recent call last):
  File "C:\Users\Acer\Downloads\SMC-SAM\app.py", line 64, in run_job
    subprocess.run([
  File "C:\Users\Acer\AppData\Local\Programs\Python\Python311\Lib\subprocess.py", line 569, in run
    raise CalledProcessError(retcode, process.args,
subprocess.CalledProcessError: Command '['python', 'pipeline/refined_frequency_matrix.py', '--trace-dir', 'output\\strace\\5b772417-fde2-48b4-9d0f-4e03e5fca93b', '--family', '5b772417-fde2-48b4-9d0f-4e03e5fca93b', '--nested', 'true']' returned non-zero exit status 2.
2025-11-06 11:23:31,584 ERROR Job failed
Traceback (most recent call last):
  File "C:\Users\Acer\Downloads\SMC-SAM\app.py", line 64, in run_job
    subprocess.run([
  File "C:\Users\Acer\AppData\Local\Programs\Python\Python311\Lib\subprocess.py", line 569, in run
    raise CalledProcessError(retcode, process.args,
subprocess.CalledProcessError: Command '['python', 'pipeline/refined_frequency_matrix.py', '--trace-dir', 'output\\strace\\f93b66d7-bc2f-4fdf-b454-b5a42d92cb4b', '--family', 'f93b66d7-bc2f-4fdf-b454-b5a42d92cb4b', '--nested', 'true']' returned non-zero exit status 2.
2025-11-06 11:23:36,118 ERROR Job failed
Traceback (most recent call last):
  File "C:\Users\Acer\Downloads\SMC-SAM\app.py", line 64, in run_job
    subprocess.run([
  File "C:\Users\Acer\AppData\Local\Programs\Python\Python311\Lib\subprocess.py", line 569, in run
    raise CalledProcessError(retcode, process.args,
subprocess.CalledProcessError: Command '['python', 'pipeline/refined_frequency_matrix.py', '--trace-dir', 'output\\strace\\905fa4ea-53b3-4e22-9be8-5c073402a6a3', '--family', '905fa4ea-53b3-4e22-9be8-5c073402a6a3', '--nested', 'true']' returned non-zero exit status 2.
2025-11-06 11:24:03,498 ERROR Job failed
Traceback (most recent call last):
  File "C:\Users\Acer\Downloads\SMC-SAM\app.py", line 64, in run_job
    subprocess.run([
  File "C:\Users\Acer\AppData\Local\Programs\Python\Python311\Lib\subprocess.py", line 569, in run
    raise CalledProcessError(retcode, process.args,
subprocess.CalledProcessError: Command '['python', 'pipeline/refined_frequency_matrix.py', '--trace-dir', 'output\\strace\\de0308b0-170a-41d8-a907-6a55739055fb', '--family', 'de0308b0-170a-41d8-a907-6a55739055fb', '--nested', 'true']' returned non-zero exit status 2.
2025-11-06 11:24:04,754 ERROR Job failed
Traceback (most recent call last):
  File "C:\Users\Acer\Downloads\SMC-SAM\app.py", line 64, in run_job
    subprocess.run([
  File "C:\Users\Acer\AppData\Local\Programs\Python\Python311\Lib\subprocess.py", line 569, in run
    raise CalledProcessError(retcode, process.args,
subprocess.CalledProcessError: Command '['python', 'pipeline/refined_frequency_matrix.py', '--trace-dir', 'output\\strace\\4df25c8d-0ebd-4b29-8847-41c7a3cd0149', '--family', '4df25c8d-0ebd-4b29-8847-41c7a3cd0149', '--nested', 'true']' returned non-zero exit status 2.
2025-11-06 15:34:35,643 ERROR Job failed
Traceback (most recent call last):
  File "C:\Users\Acer\Downloads\SMC-SAM\app.py", line 64, in run_job
    subprocess.run([
  File "C:\Users\Acer\AppData\Local\Programs\Python\Python311\Lib\subprocess.py", line 569, in run
    raise CalledProcessError(retcode, process.args,
subprocess.CalledProcessError: Command '['python', 'pipeline/refined_frequency_matrix.py', '--trace-dir', 'output\\strace\\9a65628c-cd43-4586-97d3-98d2403e3803', '--family', '9a65628c-cd43-4586-97d3-98d2403e3803', '--nested', 'true']' returned non-zero exit status 2.
2025-11-06 15:36:23,197 ERROR Job failed
Traceback (most recent call last):
  File "C:\Users\Acer\Downloads\SMC-SAM\app.py", line 64, in run_job
    subprocess.run([
  File "C:\Users\Acer\AppData\Local\Programs\Python\Python311\Lib\subprocess.py", line 569, in run
    raise CalledProcessError(retcode, process.args,
subprocess.CalledProcessError: Command '['python', 'pipeline/refined_frequency_matrix.py', '--trace-dir', 'output\\strace\\2e67e3e6-fa50-4038-b945-0eac5e14b72d', '--family', '2e67e3e6-fa50-4038-b945-0eac5e14b72d', '--nested', 'true']' returned non-zero exit status 2.
2025-11-06 15:36:24,146 ERROR Job failed
Traceback (most recent call last):
  File "C:\Users\Acer\Downloads\SMC-SAM\app.py", line 64, in run_job
    subprocess.run([
  File "C:\Users\Acer\AppData\Local\Programs\Python\Python311\Lib\subprocess.py", line 569, in run
    raise CalledProcessError(retcode, process.args,
subprocess.CalledProcessError: Command '['python', 'pipeline/refined_frequency_matrix.py', '--trace-dir', 'output\\strace\\00ccca38-5741-450c-825c-c92030d2f41d', '--family', '00ccca38-5741-450c-825c-c92030d2f41d', '--nested', 'true']' returned non-zero exit status 2.
2025-11-06 15:39:45,620 ERROR Job failed
Traceback (most recent call last):
  File "C:\Users\Acer\Downloads\SMC-SAM\app.py", line 64, in run_job
    subprocess.run([
  File "C:\Users\Acer\AppData\Local\Programs\Python\Python311\Lib\subprocess.py", line 569, in run
    raise CalledProcessError(retcode, process.args,
subprocess.CalledProcessError: Command '['python', 'pipeline/refined_frequency_matrix.py', '--trace-dir', 'output\\strace\\8f561ab9-f31e-46f7-bd09-3570146b15cd', '--family', '8f561ab9-f31e-46f7-bd09-3570146b15cd', '--nested', 'true']' returned non-zero exit status 2.
2025-11-06 15:39:58,216 ERROR Job failed
Traceback (most recent call last):
  File "C:\Users\Acer\Downloads\SMC-SAM\app.py", line 64, in run_job
    subprocess.run([
  File "C:\Users\Acer\AppData\Local\Programs\Python\Python311\Lib\subprocess.py", line 569, in run
    raise CalledProcessError(retcode, process.args,
subprocess.CalledProcessError: Command '['python', 'pipeline/refined_frequency_matrix.py', '--trace-dir', 'output\\strace\\9bc0c3e6-d183-4d9e-8f01-44664a8149c0', '--family', '9bc0c3e6-d183-4d9e-8f01-44664a8149c0', '--nested', 'true']' returned non-zero exit status 2.
2025-11-06 15:39:58,853 ERROR Job failed
Traceback (most recent call last):
  File "C:\Users\Acer\Downloads\SMC-SAM\app.py", line 64, in run_job
    subprocess.run([
  File "C:\Users\Acer\AppData\Local\Programs\Python\Python311\Lib\subprocess.py", line 569, in run
    raise CalledProcessError(retcode, process.args,
subprocess.CalledProcessError: Command '['python', 'pipeline/refined_frequency_matrix.py', '--trace-dir', 'output\\strace\\82e5eba3-1560-4ee5-9762-43244c15286c', '--family', '82e5eba3-1560-4ee5-9762-43244c15286c', '--nested', 'true']' returned non-zero exit status 2.
2025-11-06 15:39:59,519 ERROR Job failed
Traceback (most recent call last):
  File "C:\Users\Acer\Downloads\SMC-SAM\app.py", line 64, in run_job
    subprocess.run([
  File "C:\Users\Acer\AppData\Local\Programs\Python\Python311\Lib\subprocess.py", line 569, in run
    raise CalledProcessError(retcode, process.args,
subprocess.CalledProcessError: Command '['python', 'pipeline/refined_frequency_matrix.py', '--trace-dir', 'output\\strace\\b00a954b-aab5-4ab4-93bb-5ffc9ad19a44', '--family', 'b00a954b-aab5-4ab4-93bb-5ffc9ad19a44', '--nested', 'true']' returned non-zero exit status 2.
2025-11-06 15:56:12,303 ERROR Job failed
Traceback (most recent call last):
  File "C:\Users\Acer\Downloads\SMC-SAM\app.py", line 64, in run_job
    subprocess.run([
  File "C:\Users\Acer\AppData\Local\Programs\Python\Python311\Lib\subprocess.py", line 569, in run
    raise CalledProcessError(retcode, process.args,
subprocess.CalledProcessError: Command '['python', 'pipeline/refined_frequency_matrix.py', '--trace-dir', 'output\\strace\\e65beb1e-1dfe-4292-9df6-55921929c5e6', '--family', 'e65beb1e-1dfe-4292-9df6-55921929c5e6', '--nested', 'true']' returned non-zero exit status 2.
2025-11-06 15:58:45,994 ERROR Job failed
Traceback (most recent call last):
  File "C:\Users\Acer\Downloads\SMC-SAM\app.py", line 64, in run_job
    subprocess.run([
  File "C:\Users\Acer\AppData\Local\Programs\Python\Python311\Lib\subprocess.py", line 569, in run
    raise CalledProcessError(retcode, process.args,
subprocess.CalledProcessError: Command '['python', 'pipeline/refined_frequency_matrix.py', '--trace-dir', 'output\\strace\\8ec47ecc-877a-4d8a-9a5e-6bfe789dcf6d', '--family', '8ec47ecc-877a-4d8a-9a5e-6bfe789dcf6d', '--nested', 'true']' returned non-zero exit status 2.
2025-11-06 16:09:25,241 ERROR Job failed
Traceback (most recent call last):
  File "C:\Users\Acer\Downloads\SMC-SAM\app.py", line 78, in run_job
    subprocess.run([
  File "C:\Users\Acer\AppData\Local\Programs\Python\Python311\Lib\subprocess.py", line 569, in run
    raise CalledProcessError(retcode, process.args,
subprocess.CalledProcessError: Command '['python', 'pipeline/model_inference.py', '--input-dir', 'output\\refined\\b60a7a63-7c84-4127-b70a-b8a5cf6b3507', '--family', 'b60a7a63-7c84-4127-b70a-b8a5cf6b3507', '--out', 'output\\refined\\b60a7a63-7c84-4127-b70a-b8a5cf6b3507\\result.json']' returned non-zero exit status 2.
2025-11-06 16:10:33,367 ERROR Job failed
Traceback (most recent call last):
  File "C:\Users\Acer\Downloads\SMC-SAM\app.py", line 78, in run_job
    subprocess.run([
  File "C:\Users\Acer\AppData\Local\Programs\Python\Python311\Lib\subprocess.py", line 569, in run
    raise CalledProcessError(retcode, process.args,
subprocess.CalledProcessError: Command '['python', 'pipeline/model_inference.py', '--input-dir', 'output\\refined\\bed0a4ad-deb9-4232-814a-2cf9dfb8ed7c', '--family', 'bed0a4ad-deb9-4232-814a-2cf9dfb8ed7c', '--out', 'output\\refined\\bed0a4ad-deb9-4232-814a-2cf9dfb8ed7c\\result.json']' returned non-zero exit status 2.
2025-11-06 16:45:36,107 ERROR Job failed
Traceback (most recent call last):
  File "C:\Users\Acer\Downloads\SMC-SAM\app.py", line 78, in run_job
    subprocess.run([
  File "C:\Users\Acer\AppData\Local\Programs\Python\Python311\Lib\subprocess.py", line 569, in run
    raise CalledProcessError(retcode, process.args,
subprocess.CalledProcessError: Command '['python', 'pipeline/model_inference.py', '--input-dir', 'output\\refined\\f9c9a792-e1a8-45fa-8286-d2f908ef833f', '--family', 'f9c9a792-e1a8-45fa-8286-d2f908ef833f', '--out', 'output\\refined\\f9c9a792-e1a8-45fa-8286-d2f908ef833f\\result.json']' returned non-zero exit status 1.
2025-11-06 16:53:02,673 ERROR Job failed
Traceback (most recent call last):
  File "C:\Users\Acer\Downloads\SMC-SAM\app.py", line 78, in run_job
    subprocess.run([
  File "C:\Users\Acer\AppData\Local\Programs\Python\Python311\Lib\subprocess.py", line 569, in run
    raise CalledProcessError(retcode, process.args,
subprocess.CalledProcessError: Command '['python', 'pipeline/model_inference.py', '--input-dir', 'output\\refined\\e1342ceb-f917-4408-804e-6ab2e111bb41', '--family', 'e1342ceb-f917-4408-804e-6ab2e111bb41', '--out', 'output\\refined\\e1342ceb-f917-4408-804e-6ab2e111bb41\\result.json']' returned non-zero exit status 1.
2025-11-06 16:53:02,697 ERROR Job failed
Traceback (most recent call last):
  File "C:\Users\Acer\Downloads\SMC-SAM\app.py", line 78, in run_job
    subprocess.run([
  File "C:\Users\Acer\AppData\Local\Programs\Python\Python311\Lib\subprocess.py", line 569, in run
    raise CalledProcessError(retcode, process.args,
subprocess.CalledProcessError: Command '['python', 'pipeline/model_inference.py', '--input-dir', 'output\\refined\\3f1850bf-02f1-469e-8ea6-bf48176a61ed', '--family', '3f1850bf-02f1-469e-8ea6-bf48176a61ed', '--out', 'output\\refined\\3f1850bf-02f1-469e-8ea6-bf48176a61ed\\result.json']' returned non-zero exit status 1.
2025-11-06 17:15:37,679 ERROR Job failed
Traceback (most recent call last):
  File "C:\Users\Acer\Downloads\SMC-SAM\app.py", line 78, in run_job
    subprocess.run([
  File "C:\Users\Acer\AppData\Local\Programs\Python\Python311\Lib\subprocess.py", line 569, in run
    raise CalledProcessError(retcode, process.args,
subprocess.CalledProcessError: Command '['python', 'pipeline/model_inference.py', '--input-dir', 'output\\refined\\3f19effb-486c-4acc-83e4-922d39da24c0', '--family', '3f19effb-486c-4acc-83e4-922d39da24c0', '--out', 'output\\refined\\3f19effb-486c-4acc-83e4-922d39da24c0\\result.json']' returned non-zero exit status 1.
2025-11-06 17:15:38,393 ERROR Job failed
Traceback (most recent call last):
  File "C:\Users\Acer\Downloads\SMC-SAM\app.py", line 78, in run_job
    subprocess.run([
  File "C:\Users\Acer\AppData\Local\Programs\Python\Python311\Lib\subprocess.py", line 569, in run
    raise CalledProcessError(retcode, process.args,
subprocess.CalledProcessError: Command '['python', 'pipeline/model_inference.py', '--input-dir', 'output\\refined\\ec4408a6-4222-4b13-9dc2-dcf32737abd0', '--family', 'ec4408a6-4222-4b13-9dc2-dcf32737abd0', '--out', 'output\\refined\\ec4408a6-4222-4b13-9dc2-dcf32737abd0\\result.json']' returned non-zero exit status 1.
2025-11-06 17:15:41,887 ERROR Job failed
Traceback (most recent call last):
  File "C:\Users\Acer\Downloads\SMC-SAM\app.py", line 78, in run_job
    subprocess.run([
  File "C:\Users\Acer\AppData\Local\Programs\Python\Python311\Lib\subprocess.py", line 569, in run
    raise CalledProcessError(retcode, process.args,
subprocess.CalledProcessError: Command '['python', 'pipeline/model_inference.py', '--input-dir', 'output\\refined\\670a539d-5b14-48bc-b340-ddff942bc36a', '--family', '670a539d-5b14-48bc-b340-ddff942bc36a', '--out', 'output\\refined\\670a539d-5b14-48bc-b340-ddff942bc36a\\result.json']' returned non-zero exit status 1.
2025-11-06 17:59:38,524 ERROR Job failed
Traceback (most recent call last):
  File "C:\Users\Acer\Downloads\SMC-SAM\app.py", line 78, in run_job
    subprocess.run([
  File "C:\Users\Acer\AppData\Local\Programs\Python\Python311\Lib\subprocess.py", line 569, in run
    raise CalledProcessError(retcode, process.args,
subprocess.CalledProcessError: Command '['python', 'pipeline/model_inference.py', '--input-dir', 'output\\refined\\ab2a67d0-c262-4ab6-b8cb-747061092486', '--family', 'ab2a67d0-c262-4ab6-b8cb-747061092486', '--out', 'output\\refined\\ab2a67d0-c262-4ab6-b8cb-747061092486\\result.json']' returned non-zero exit status 2.
2025-11-06 17:59:55,460 ERROR Job failed
Traceback (most recent call last):
  File "C:\Users\Acer\Downloads\SMC-SAM\app.py", line 78, in run_job
    subprocess.run([
  File "C:\Users\Acer\AppData\Local\Programs\Python\Python311\Lib\subprocess.py", line 569, in run
    raise CalledProcessError(retcode, process.args,
subprocess.CalledProcessError: Command '['python', 'pipeline/model_inference.py', '--input-dir', 'output\\refined\\70573985-ed9c-47e4-8b3e-b47d18ead541', '--family', '70573985-ed9c-47e4-8b3e-b47d18ead541', '--out', 'output\\refined\\70573985-ed9c-47e4-8b3e-b47d18ead541\\result.json']' returned non-zero exit status 2.
2025-11-06 18:01:09,218 ERROR Job failed
Traceback (most recent call last):
  File "C:\Users\Acer\Downloads\SMC-SAM\app.py", line 56, in run_job
    subprocess.run([
  File "C:\Users\Acer\AppData\Local\Programs\Python\Python311\Lib\subprocess.py", line 569, in run
    raise CalledProcessError(retcode, process.args,
subprocess.CalledProcessError: Command '['python', 'pipeline/run_genymotion_strace.py', '--apk', 'uploads\\f2839c8f-c915-4feb-8a13-7020394a88e0.apk', '--out', 'output\\strace\\f2839c8f-c915-4feb-8a13-7020394a88e0']' returned non-zero exit status 3221225786.
2025-11-06 18:01:09,220 ERROR Job failed
Traceback (most recent call last):
  File "C:\Users\Acer\Downloads\SMC-SAM\app.py", line 56, in run_job
    subprocess.run([
  File "C:\Users\Acer\AppData\Local\Programs\Python\Python311\Lib\subprocess.py", line 569, in run
    raise CalledProcessError(retcode, process.args,
subprocess.CalledProcessError: Command '['python', 'pipeline/run_genymotion_strace.py', '--apk', 'uploads\\5fed9a39-5db8-4b5c-97dd-826af4de7683.apk', '--out', 'output\\strace\\5fed9a39-5db8-4b5c-97dd-826af4de7683']' returned non-zero exit status 3221225786.
2025-11-06 18:06:07,188 ERROR Job failed
Traceback (most recent call last):
  File "C:\Users\Acer\Downloads\SMC-SAM\app.py", line 56, in run_job
    subprocess.run([
  File "C:\Users\Acer\AppData\Local\Programs\Python\Python311\Lib\subprocess.py", line 569, in run
    raise CalledProcessError(retcode, process.args,
subprocess.CalledProcessError: Command '['python', 'pipeline/run_genymotion_strace.py', '--apk', 'uploads\\987a964d-480c-43b8-81b3-0c577ac5abc6.apk', '--out', 'output\\strace\\987a964d-480c-43b8-81b3-0c577ac5abc6']' returned non-zero exit status 3221225786.
2025-11-06 18:08:51,372 ERROR Job failed
Traceback (most recent call last):
  File "C:\Users\Acer\Downloads\SMC-SAM\app.py", line 78, in run_job
    subprocess.run([
  File "C:\Users\Acer\AppData\Local\Programs\Python\Python311\Lib\subprocess.py", line 569, in run
    raise CalledProcessError(retcode, process.args,
subprocess.CalledProcessError: Command '['python', 'pipeline/model_inference.py', '--input-dir', 'output\\refined\\9a5cd70d-033c-4cbc-8a61-4b57d050a9ab', '--family', '9a5cd70d-033c-4cbc-8a61-4b57d050a9ab', '--out', 'output\\refined\\9a5cd70d-033c-4cbc-8a61-4b57d050a9ab\\result.json']' returned non-zero exit status 1.
2025-11-06 19:10:26,229 ERROR Job failed
Traceback (most recent call last):
  File "C:\Users\Acer\Downloads\SMC-SAM\app.py", line 78, in run_job
    subprocess.run([
  File "C:\Users\Acer\AppData\Local\Programs\Python\Python311\Lib\subprocess.py", line 569, in run
    raise CalledProcessError(retcode, process.args,
subprocess.CalledProcessError: Command '['python', 'pipeline/model_inference.py', '--input-dir', 'output\\refined\\b34dd486-c449-4d9c-97da-b0164dbf3e7b', '--family', 'b34dd486-c449-4d9c-97da-b0164dbf3e7b', '--out', 'output\\refined\\b34dd486-c449-4d9c-97da-b0164dbf3e7b\\result.json']' returned non-zero exit status 1.
2025-11-06 19:15:26,547 ERROR Job failed
Traceback (most recent call last):
  File "C:\Users\Acer\Downloads\SMC-SAM\app.py", line 78, in run_job
    subprocess.run([
  File "C:\Users\Acer\AppData\Local\Programs\Python\Python311\Lib\subprocess.py", line 569, in run
    raise CalledProcessError(retcode, process.args,
subprocess.CalledProcessError: Command '['python', 'pipeline/model_inference.py', '--input-dir', 'output\\refined\\028f8808-4569-4e4f-8c93-7a3c1c7edb3c', '--family', '028f8808-4569-4e4f-8c93-7a3c1c7edb3c', '--out', 'output\\refined\\028f8808-4569-4e4f-8c93-7a3c1c7edb3c\\result.json']' returned non-zero exit status 1.
2025-11-06 19:20:32,294 ERROR Job failed
Traceback (most recent call last):
  File "C:\Users\Acer\Downloads\SMC-SAM\app.py", line 78, in run_job
    subprocess.run([
  File "C:\Users\Acer\AppData\Local\Programs\Python\Python311\Lib\subprocess.py", line 569, in run
    raise CalledProcessError(retcode, process.args,
subprocess.CalledProcessError: Command '['python', 'pipeline/model_inference.py', '--input-dir', 'output\\refined\\4469ca0f-2758-4539-ae11-4c059c646f32', '--family', '4469ca0f-2758-4539-ae11-4c059c646f32', '--out', 'output\\refined\\4469ca0f-2758-4539-ae11-4c059c646f32\\result.json']' returned non-zero exit status 1.
2025-11-06 20:32:33,712 ERROR Job failed
Traceback (most recent call last):
  File "C:\Users\Acer\Downloads\SMC-SAM\app.py", line 87, in run_job
    subprocess.run([
  File "C:\Users\Acer\AppData\Local\Programs\Python\Python311\Lib\subprocess.py", line 569, in run
    raise CalledProcessError(retcode, process.args,
subprocess.CalledProcessError: Command '['python', 'pipeline/syscall_to_mitre.py', '--syscalls', 'output\\refined\\26fabefd-aa41-4d0b-9134-f621b985aeb6\\top_syscalls.json', '--out', 'output\\refined\\26fabefd-aa41-4d0b-9134-f621b985aeb6\\mitre_mapping.json']' returned non-zero exit status 2.
2025-11-06 20:33:34,748 ERROR Job failed
Traceback (most recent call last):
  File "C:\Users\Acer\Downloads\SMC-SAM\app.py", line 87, in run_job
    subprocess.run([
  File "C:\Users\Acer\AppData\Local\Programs\Python\Python311\Lib\subprocess.py", line 569, in run
    raise CalledProcessError(retcode, process.args,
subprocess.CalledProcessError: Command '['python', 'pipeline/syscall_to_mitre.py', '--syscalls', 'output\\refined\\6a8d880e-4bae-4ab4-a114-287398e7e0ca\\top_syscalls.json', '--out', 'output\\refined\\6a8d880e-4bae-4ab4-a114-287398e7e0ca\\mitre_mapping.json']' returned non-zero exit status 2.
2025-11-06 20:37:43,866 ERROR Job failed
Traceback (most recent call last):
  File "C:\Users\Acer\Downloads\SMC-SAM\app.py", line 87, in run_job
    subprocess.run([
  File "C:\Users\Acer\AppData\Local\Programs\Python\Python311\Lib\subprocess.py", line 569, in run
    raise CalledProcessError(retcode, process.args,
subprocess.CalledProcessError: Command '['python', 'pipeline/syscall_to_mitre.py', '--syscalls', 'output\\refined\\35bfb8ca-ba44-4031-b9b7-e18d2fd59f18\\top_syscalls.json', '--out', 'output\\refined\\35bfb8ca-ba44-4031-b9b7-e18d2fd59f18\\mitre_mapping.json']' returned non-zero exit status 2.
2025-11-06 20:45:19,202 ERROR Job failed
Traceback (most recent call last):
  File "C:\Users\Acer\Downloads\SMC-SAM\app.py", line 75, in run_job
    subprocess.run([
  File "C:\Users\Acer\AppData\Local\Programs\Python\Python311\Lib\subprocess.py", line 569, in run
    raise CalledProcessError(retcode, process.args,
subprocess.CalledProcessError: Command '['python', 'pipeline/model_inference.py', '--input-dir', 'output\\refined\\098b1e26-15d8-40fe-836b-ce71ed5c4208', '--family', '098b1e26-15d8-40fe-836b-ce71ed5c4208', '--out', 'output\\refined\\098b1e26-15d8-40fe-836b-ce71ed5c4208\\result.json']' returned non-zero exit status 3221225786.
2025-11-06 20:45:20,464 ERROR Job failed
Traceback (most recent call last):
  File "C:\Users\Acer\Downloads\SMC-SAM\app.py", line 87, in run_job
    subprocess.run([
  File "C:\Users\Acer\AppData\Local\Programs\Python\Python311\Lib\subprocess.py", line 569, in run
    raise CalledProcessError(retcode, process.args,
subprocess.CalledProcessError: Command '['python', 'pipeline\\descGenAndMapping.py', '--syscalls', 'output\\refined\\d1909a36-7d81-43da-ac6a-391a6c82c21f\\top_syscalls.json', '--out', 'output\\refined\\d1909a36-7d81-43da-ac6a-391a6c82c21f\\mitre_mapping.json']' returned non-zero exit status 1.
2025-11-06 20:45:20,684 ERROR Job failed
Traceback (most recent call last):
  File "C:\Users\Acer\Downloads\SMC-SAM\app.py", line 87, in run_job
    subprocess.run([
  File "C:\Users\Acer\AppData\Local\Programs\Python\Python311\Lib\subprocess.py", line 569, in run
    raise CalledProcessError(retcode, process.args,
subprocess.CalledProcessError: Command '['python', 'pipeline\\descGenAndMapping.py', '--syscalls', 'output\\refined\\85b8a5af-0bbb-4a6c-91e4-ed440c7ed12e\\top_syscalls.json', '--out', 'output\\refined\\85b8a5af-0bbb-4a6c-91e4-ed440c7ed12e\\mitre_mapping.json']' returned non-zero exit status 3221225786.
2025-11-06 20:46:10,974 ERROR Job failed
Traceback (most recent call last):
  File "C:\Users\Acer\Downloads\SMC-SAM\app.py", line 55, in run_job
    subprocess.run([
  File "C:\Users\Acer\AppData\Local\Programs\Python\Python311\Lib\subprocess.py", line 569, in run
    raise CalledProcessError(retcode, process.args,
subprocess.CalledProcessError: Command '['python', 'pipeline/run_genymotion_strace.py', '--apk', 'uploads\\b8592366-8fe8-4f9b-ba7c-522ff6efd34a.apk', '--out', 'output\\strace\\b8592366-8fe8-4f9b-ba7c-522ff6efd34a']' returned non-zero exit status 3221225786.
2025-11-06 20:46:10,975 ERROR Job failed
Traceback (most recent call last):
  File "C:\Users\Acer\Downloads\SMC-SAM\app.py", line 55, in run_job
    subprocess.run([
  File "C:\Users\Acer\AppData\Local\Programs\Python\Python311\Lib\subprocess.py", line 569, in run
    raise CalledProcessError(retcode, process.args,
subprocess.CalledProcessError: Command '['python', 'pipeline/run_genymotion_strace.py', '--apk', 'uploads\\ac1ca2e7-77ba-41d7-8f66-89bed842391d.apk', '--out', 'output\\strace\\ac1ca2e7-77ba-41d7-8f66-89bed842391d']' returned non-zero exit status 3221225786.
2025-11-06 20:50:37,876 ERROR Job failed
Traceback (most recent call last):
  File "C:\Users\Acer\Downloads\SMC-SAM\app.py", line 87, in run_job
    subprocess.run([
  File "C:\Users\Acer\AppData\Local\Programs\Python\Python311\Lib\subprocess.py", line 569, in run
    raise CalledProcessError(retcode, process.args,
subprocess.CalledProcessError: Command '['python', 'pipeline\\descGenAndMapping.py', '--syscalls', 'output\\refined\\7e96980c-94cc-4320-a428-38121c32f6ed\\top_syscalls.json', '--out', 'output\\refined\\7e96980c-94cc-4320-a428-38121c32f6ed\\mitre_mapping.json']' returned non-zero exit status 1.
2025-11-06 21:05:40,216 ERROR Job failed
Traceback (most recent call last):
  File "C:\Users\Acer\Downloads\SMC-SAM\app.py", line 87, in run_job
    subprocess.run([
  File "C:\Users\Acer\AppData\Local\Programs\Python\Python311\Lib\subprocess.py", line 569, in run
    raise CalledProcessError(retcode, process.args,
subprocess.CalledProcessError: Command '['python', 'pipeline\\descGenAndMapping.py', '--syscalls', 'output\\refined\\755814a3-60d5-4784-9a55-67980f2d2d51\\top_syscalls.json', '--out', 'output\\refined\\755814a3-60d5-4784-9a55-67980f2d2d51\\mitre_mapping.json']' returned non-zero exit status 2.
2025-11-06 21:19:50,910 ERROR Job failed
Traceback (most recent call last):
  File "C:\Users\Acer\Downloads\SMC-SAM\app.py", line 87, in run_job
    subprocess.run([
  File "C:\Users\Acer\AppData\Local\Programs\Python\Python311\Lib\subprocess.py", line 569, in run
    raise CalledProcessError(retcode, process.args,
subprocess.CalledProcessError: Command '['python', 'pipeline\\descGenAndMapping.py', '--syscalls', 'output\\refined\\dc5e2a21-4ee3-4774-9fb4-c7ba43da1043\\top_syscalls.json', '--out', 'output\\refined\\dc5e2a21-4ee3-4774-9fb4-c7ba43da1043\\mitre_mapping.json']' returned non-zero exit status 2.
2025-11-06 22:30:35,925 ERROR Job failed
Traceback (most recent call last):
  File "C:\Users\Acer\Downloads\SMC-SAM\app.py", line 87, in run_job
    subprocess.run([
  File "C:\Users\Acer\AppData\Local\Programs\Python\Python311\Lib\subprocess.py", line 569, in run
    raise CalledProcessError(retcode, process.args,
subprocess.CalledProcessError: Command '['python', 'pipeline\\descGenAndMapping.py', '--syscalls', 'output\\refined\\301e3e3b-6ccf-46b6-bf17-0bb01f95d82f\\top_syscalls.json', '--out', 'output\\refined\\301e3e3b-6ccf-46b6-bf17-0bb01f95d82f\\mitre_mapping.json']' returned non-zero exit status 2.
2025-11-07 11:34:31,744 ERROR Installed app job failed
Traceback (most recent call last):
  File "C:\Users\Acer\Downloads\SMC-SAM\app.py", line 173, in run_installed_job
    subprocess.run([
  File "C:\Users\Acer\AppData\Local\Programs\Python\Python311\Lib\subprocess.py", line 569, in run
    raise CalledProcessError(retcode, process.args,
subprocess.CalledProcessError: Command '['python', 'pipeline/descGenAndMapping.py', '--result', 'output\\refined\\41ffea48-632c-4176-83ee-45c17769c267\\result.json', '--out', 'output\\refined\\41ffea48-632c-4176-83ee-45c17769c267\\mitre_mapping.json']' returned non-zero exit status 3221225786.
2025-11-07 17:45:52,929 WARNING Mapping failed for bind: Command '['python', 'pipeline/descGenAndMapping_single.py', '--syscall', 'bind']' returned non-zero exit status 2.
2025-11-07 17:45:52,988 WARNING Mapping failed for clock_gettime: Command '['python', 'pipeline/descGenAndMapping_single.py', '--syscall', 'clock_gettime']' returned non-zero exit status 2.
2025-11-07 17:45:53,059 WARNING Mapping failed for connect: Command '['python', 'pipeline/descGenAndMapping_single.py', '--syscall', 'connect']' returned non-zero exit status 2.
2025-11-07 17:45:53,137 WARNING Mapping failed for epoll_ctl: Command '['python', 'pipeline/descGenAndMapping_single.py', '--syscall', 'epoll_ctl']' returned non-zero exit status 2.
2025-11-07 17:45:53,229 WARNING Mapping failed for getrlimit: Command '['python', 'pipeline/descGenAndMapping_single.py', '--syscall', 'getrlimit']' returned non-zero exit status 2.
2025-11-07 17:45:53,289 WARNING Mapping failed for getsockname: Command '['python', 'pipeline/descGenAndMapping_single.py', '--syscall', 'getsockname']' returned non-zero exit status 2.
2025-11-07 17:45:53,353 WARNING Mapping failed for getuid32: Command '['python', 'pipeline/descGenAndMapping_single.py', '--syscall', 'getuid32']' returned non-zero exit status 2.
2025-11-07 17:45:53,415 WARNING Mapping failed for ioctl: Command '['python', 'pipeline/descGenAndMapping_single.py', '--syscall', 'ioctl']' returned non-zero exit status 2.
2025-11-07 17:50:44,016 WARNING Mapping failed for chdir: Command '['python', 'pipeline/descGenAndMapping_single.py', '--syscall', 'chdir']' returned non-zero exit status 2.
2025-11-07 17:50:44,019 WARNING Mapping failed for chdir: Command '['python', 'pipeline/descGenAndMapping_single.py', '--syscall', 'chdir']' returned non-zero exit status 2.
2025-11-07 17:50:44,070 WARNING Mapping failed for chdir: Command '['python', 'pipeline/descGenAndMapping_single.py', '--syscall', 'chdir']' returned non-zero exit status 2.
2025-11-07 17:50:44,079 WARNING Mapping failed for clock_gettime: Command '['python', 'pipeline/descGenAndMapping_single.py', '--syscall', 'clock_gettime']' returned non-zero exit status 2.
2025-11-07 17:50:44,083 WARNING Mapping failed for chdir: Command '['python', 'pipeline/descGenAndMapping_single.py', '--syscall', 'chdir']' returned non-zero exit status 2.
2025-11-07 17:50:44,125 WARNING Mapping failed for clock_gettime: Command '['python', 'pipeline/descGenAndMapping_single.py', '--syscall', 'clock_gettime']' returned non-zero exit status 2.
2025-11-07 17:50:44,135 WARNING Mapping failed for clock_gettime: Command '['python', 'pipeline/descGenAndMapping_single.py', '--syscall', 'clock_gettime']' returned non-zero exit status 2.
2025-11-07 17:50:44,223 WARNING Mapping failed for chdir: Command '['python', 'pipeline/descGenAndMapping_single.py', '--syscall', 'chdir']' returned non-zero exit status 2.
2025-11-07 17:50:44,231 WARNING Mapping failed for clock_gettime: Command '['python', 'pipeline/descGenAndMapping_single.py', '--syscall', 'clock_gettime']' returned non-zero exit status 2.
2025-11-07 17:50:44,240 WARNING Mapping failed for close: Command '['python', 'pipeline/descGenAndMapping_single.py', '--syscall', 'close']' returned non-zero exit status 2.
2025-11-07 17:50:44,255 WARNING Mapping failed for close: Command '['python', 'pipeline/descGenAndMapping_single.py', '--syscall', 'close']' returned non-zero exit status 2.
2025-11-07 17:50:44,279 WARNING Mapping failed for close: Command '['python', 'pipeline/descGenAndMapping_single.py', '--syscall', 'close']' returned non-zero exit status 2.
2025-11-07 17:50:44,291 WARNING Mapping failed for clock_gettime: Command '['python', 'pipeline/descGenAndMapping_single.py', '--syscall', 'clock_gettime']' returned non-zero exit status 2.
2025-11-07 17:50:44,300 WARNING Mapping failed for close: Command '['python', 'pipeline/descGenAndMapping_single.py', '--syscall', 'close']' returned non-zero exit status 2.
2025-11-07 17:50:44,311 WARNING Mapping failed for dup: Command '['python', 'pipeline/descGenAndMapping_single.py', '--syscall', 'dup']' returned non-zero exit status 2.
2025-11-07 17:50:44,321 WARNING Mapping failed for dup: Command '['python', 'pipeline/descGenAndMapping_single.py', '--syscall', 'dup']' returned non-zero exit status 2.
2025-11-07 17:50:44,339 WARNING Mapping failed for dup: Command '['python', 'pipeline/descGenAndMapping_single.py', '--syscall', 'dup']' returned non-zero exit status 2.
2025-11-07 17:50:44,363 WARNING Mapping failed for dup: Command '['python', 'pipeline/descGenAndMapping_single.py', '--syscall', 'dup']' returned non-zero exit status 2.
2025-11-07 17:50:44,363 WARNING Mapping failed for close: Command '['python', 'pipeline/descGenAndMapping_single.py', '--syscall', 'close']' returned non-zero exit status 2.
2025-11-07 17:50:44,380 WARNING Mapping failed for epoll_ctl: Command '['python', 'pipeline/descGenAndMapping_single.py', '--syscall', 'epoll_ctl']' returned non-zero exit status 2.
2025-11-07 17:50:44,383 WARNING Mapping failed for epoll_ctl: Command '['python', 'pipeline/descGenAndMapping_single.py', '--syscall', 'epoll_ctl']' returned non-zero exit status 2.
2025-11-07 17:50:44,404 WARNING Mapping failed for epoll_ctl: Command '['python', 'pipeline/descGenAndMapping_single.py', '--syscall', 'epoll_ctl']' returned non-zero exit status 2.
2025-11-07 17:50:44,425 WARNING Mapping failed for epoll_ctl: Command '['python', 'pipeline/descGenAndMapping_single.py', '--syscall', 'epoll_ctl']' returned non-zero exit status 2.
2025-11-07 17:50:44,426 WARNING Mapping failed for dup: Command '['python', 'pipeline/descGenAndMapping_single.py', '--syscall', 'dup']' returned non-zero exit status 2.
2025-11-07 17:50:44,450 WARNING Mapping failed for fdatasync: Command '['python', 'pipeline/descGenAndMapping_single.py', '--syscall', 'fdatasync']' returned non-zero exit status 2.
2025-11-07 17:50:44,452 WARNING Mapping failed for fdatasync: Command '['python', 'pipeline/descGenAndMapping_single.py', '--syscall', 'fdatasync']' returned non-zero exit status 2.
2025-11-07 17:50:44,466 WARNING Mapping failed for fdatasync: Command '['python', 'pipeline/descGenAndMapping_single.py', '--syscall', 'fdatasync']' returned non-zero exit status 2.
2025-11-07 17:50:44,492 WARNING Mapping failed for fdatasync: Command '['python', 'pipeline/descGenAndMapping_single.py', '--syscall', 'fdatasync']' returned non-zero exit status 2.
2025-11-07 17:50:44,492 WARNING Mapping failed for epoll_ctl: Command '['python', 'pipeline/descGenAndMapping_single.py', '--syscall', 'epoll_ctl']' returned non-zero exit status 2.
2025-11-07 17:50:44,515 WARNING Mapping failed for ftruncate64: Command '['python', 'pipeline/descGenAndMapping_single.py', '--syscall', 'ftruncate64']' returned non-zero exit status 2.
2025-11-07 17:50:44,516 WARNING Mapping failed for ftruncate64: Command '['python', 'pipeline/descGenAndMapping_single.py', '--syscall', 'ftruncate64']' returned non-zero exit status 2.
2025-11-07 17:50:44,526 WARNING Mapping failed for ftruncate64: Command '['python', 'pipeline/descGenAndMapping_single.py', '--syscall', 'ftruncate64']' returned non-zero exit status 2.
2025-11-07 17:50:44,556 WARNING Mapping failed for fdatasync: Command '['python', 'pipeline/descGenAndMapping_single.py', '--syscall', 'fdatasync']' returned non-zero exit status 2.
2025-11-07 17:50:44,557 WARNING Mapping failed for ftruncate64: Command '['python', 'pipeline/descGenAndMapping_single.py', '--syscall', 'ftruncate64']' returned non-zero exit status 2.
2025-11-07 17:50:44,578 WARNING Mapping failed for getcwd: Command '['python', 'pipeline/descGenAndMapping_single.py', '--syscall', 'getcwd']' returned non-zero exit status 2.
2025-11-07 17:50:44,579 WARNING Mapping failed for getcwd: Command '['python', 'pipeline/descGenAndMapping_single.py', '--syscall', 'getcwd']' returned non-zero exit status 2.
2025-11-07 17:50:44,587 WARNING Mapping failed for getcwd: Command '['python', 'pipeline/descGenAndMapping_single.py', '--syscall', 'getcwd']' returned non-zero exit status 2.
2025-11-07 17:50:44,620 WARNING Mapping failed for ftruncate64: Command '['python', 'pipeline/descGenAndMapping_single.py', '--syscall', 'ftruncate64']' returned non-zero exit status 2.
2025-11-07 17:50:44,621 WARNING Mapping failed for getcwd: Command '['python', 'pipeline/descGenAndMapping_single.py', '--syscall', 'getcwd']' returned non-zero exit status 2.
2025-11-07 17:50:44,678 WARNING Mapping failed for getcwd: Command '['python', 'pipeline/descGenAndMapping_single.py', '--syscall', 'getcwd']' returned non-zero exit status 2.
2025-11-07 18:24:22,660 WARNING Mapping failed for bind: Command '['python', 'pipeline/descGenAndMapping_single.py', '--syscall', 'bind']' returned non-zero exit status 2.
2025-11-07 18:24:22,709 WARNING Mapping failed for brk: Command '['python', 'pipeline/descGenAndMapping_single.py', '--syscall', 'brk']' returned non-zero exit status 2.
2025-11-07 18:24:22,755 WARNING Mapping failed for clock_gettime: Command '['python', 'pipeline/descGenAndMapping_single.py', '--syscall', 'clock_gettime']' returned non-zero exit status 2.
2025-11-07 18:24:22,800 WARNING Mapping failed for connect: Command '['python', 'pipeline/descGenAndMapping_single.py', '--syscall', 'connect']' returned non-zero exit status 2.
2025-11-07 18:24:22,842 WARNING Mapping failed for fcntl64: Command '['python', 'pipeline/descGenAndMapping_single.py', '--syscall', 'fcntl64']' returned non-zero exit status 2.
2025-11-07 18:24:22,883 WARNING Mapping failed for ftruncate64: Command '['python', 'pipeline/descGenAndMapping_single.py', '--syscall', 'ftruncate64']' returned non-zero exit status 2.
2025-11-07 18:24:22,925 WARNING Mapping failed for getcwd: Command '['python', 'pipeline/descGenAndMapping_single.py', '--syscall', 'getcwd']' returned non-zero exit status 2.
2025-11-07 18:24:22,968 WARNING Mapping failed for getsockname: Command '['python', 'pipeline/descGenAndMapping_single.py', '--syscall', 'getsockname']' returned non-zero exit status 2.
2025-11-07 20:14:47,489 WARNING Mapping failed for chdir: Command '['python', 'pipeline/descGenAndMapping_single.py', '--syscall', 'chdir']' returned non-zero exit status 2.
2025-11-07 20:14:47,538 WARNING Mapping failed for clock_gettime: Command '['python', 'pipeline/descGenAndMapping_single.py', '--syscall', 'clock_gettime']' returned non-zero exit status 2.
2025-11-07 20:14:47,579 WARNING Mapping failed for close: Command '['python', 'pipeline/descGenAndMapping_single.py', '--syscall', 'close']' returned non-zero exit status 2.
2025-11-07 20:14:47,623 WARNING Mapping failed for dup: Command '['python', 'pipeline/descGenAndMapping_single.py', '--syscall', 'dup']' returned non-zero exit status 2.
2025-11-07 20:14:47,664 WARNING Mapping failed for epoll_ctl: Command '['python', 'pipeline/descGenAndMapping_single.py', '--syscall', 'epoll_ctl']' returned non-zero exit status 2.
2025-11-07 20:14:47,701 WARNING Mapping failed for fdatasync: Command '['python', 'pipeline/descGenAndMapping_single.py', '--syscall', 'fdatasync']' returned non-zero exit status 2.
2025-11-07 20:14:47,738 WARNING Mapping failed for ftruncate64: Command '['python', 'pipeline/descGenAndMapping_single.py', '--syscall', 'ftruncate64']' returned non-zero exit status 2.
2025-11-07 20:14:47,773 WARNING Mapping failed for getcwd: Command '['python', 'pipeline/descGenAndMapping_single.py', '--syscall', 'getcwd']' returned non-zero exit status 2.
2025-11-07 20:14:55,292 WARNING Mapping failed for chdir: Command '['python', 'pipeline/descGenAndMapping_single.py', '--syscall', 'chdir']' returned non-zero exit status 2.
2025-11-07 20:14:55,326 WARNING Mapping failed for clock_gettime: Command '['python', 'pipeline/descGenAndMapping_single.py', '--syscall', 'clock_gettime']' returned non-zero exit status 2.
2025-11-07 20:14:55,359 WARNING Mapping failed for close: Command '['python', 'pipeline/descGenAndMapping_single.py', '--syscall', 'close']' returned non-zero exit status 2.
2025-11-07 20:14:55,393 WARNING Mapping failed for dup: Command '['python', 'pipeline/descGenAndMapping_single.py', '--syscall', 'dup']' returned non-zero exit status 2.
2025-11-07 20:14:55,426 WARNING Mapping failed for epoll_ctl: Command '['python', 'pipeline/descGenAndMapping_single.py', '--syscall', 'epoll_ctl']' returned non-zero exit status 2.
2025-11-07 20:14:55,460 WARNING Mapping failed for fdatasync: Command '['python', 'pipeline/descGenAndMapping_single.py', '--syscall', 'fdatasync']' returned non-zero exit status 2.
2025-11-07 20:14:55,493 WARNING Mapping failed for ftruncate64: Command '['python', 'pipeline/descGenAndMapping_single.py', '--syscall', 'ftruncate64']' returned non-zero exit status 2.
2025-11-07 20:14:55,527 WARNING Mapping failed for getcwd: Command '['python', 'pipeline/descGenAndMapping_single.py', '--syscall', 'getcwd']' returned non-zero exit status 2.
2025-11-07 20:21:27,890 WARNING Mapping failed for chdir: Command '['python', 'pipeline/descGenAndMapping_single.py', '--syscall', 'chdir']' returned non-zero exit status 2.
2025-11-07 20:21:27,927 WARNING Mapping failed for clock_gettime: Command '['python', 'pipeline/descGenAndMapping_single.py', '--syscall', 'clock_gettime']' returned non-zero exit status 2.
2025-11-07 20:21:27,962 WARNING Mapping failed for close: Command '['python', 'pipeline/descGenAndMapping_single.py', '--syscall', 'close']' returned non-zero exit status 2.
2025-11-07 20:21:28,001 WARNING Mapping failed for dup: Command '['python', 'pipeline/descGenAndMapping_single.py', '--syscall', 'dup']' returned non-zero exit status 2.
2025-11-07 20:21:28,041 WARNING Mapping failed for epoll_ctl: Command '['python', 'pipeline/descGenAndMapping_single.py', '--syscall', 'epoll_ctl']' returned non-zero exit status 2.
2025-11-07 20:21:28,078 WARNING Mapping failed for fdatasync: Command '['python', 'pipeline/descGenAndMapping_single.py', '--syscall', 'fdatasync']' returned non-zero exit status 2.
2025-11-07 20:21:28,115 WARNING Mapping failed for ftruncate64: Command '['python', 'pipeline/descGenAndMapping_single.py', '--syscall', 'ftruncate64']' returned non-zero exit status 2.
2025-11-07 20:21:28,148 WARNING Mapping failed for getcwd: Command '['python', 'pipeline/descGenAndMapping_single.py', '--syscall', 'getcwd']' returned non-zero exit status 2.
2025-11-09 10:56:04,507 ERROR Installed app job failed
Traceback (most recent call last):
  File "C:\Users\Acer\Downloads\SMC-SAM\app.py", line 148, in run_installed_job
    run_incremental_mitre_mapping(job_id, result_path)
  File "C:\Users\Acer\Downloads\SMC-SAM\app.py", line 172, in run_incremental_mitre_mapping
    with open(result_path, "r") as f:
         ^^^^^^^^^^^^^^^^^^^^^^
FileNotFoundError: [Errno 2] No such file or directory: 'output\\refined\\c9219499-b0d9-435b-aa4d-00c7909edf9c\\result.json'
